Arguments: 
  /usr/bin/node /home/msinico00/.yarn/bin/yarn.js

PATH: 
  /home/msinico00/.yarn/bin:/home/msinico00/.config/yarn/global/node_modules/.bin:/home/msinico00/.nodenv/bin:/home/msinico00/.rbenv/bin:/home/msinico00/.rbenv/shims:/usr/local/sbin:/usr/local/bin:/usr/sbin:/usr/bin:/sbin:/bin:/usr/games:/usr/local/games:/mnt/c/ProgramData/Oracle/Java/javapath_target_1063671:/mnt/c/Windows/System32:/mnt/c/Windows:/mnt/c/Windows/System32/wbem:/mnt/c/Windows/System32/WindowsPowerShell/v1.0:/mnt/c/Program Files (x86)/IBM/Notes:/mnt/c/Program Files/WinZip:/mnt/c/Program Files/Microsoft SQL Server/Client SDK/ODBC/110/Tools/Binn:/mnt/c/Program Files (x86)/Microsoft SQL Server/120/Tools/Binn:/mnt/c/Program Files/Microsoft SQL Server/120/Tools/Binn:/mnt/c/Program Files/Microsoft SQL Server/120/DTS/Binn:/mnt/c/Program Files/Intel/WiFi/bin:/mnt/c/Program Files/Common Files/Intel/WirelessCommon:/mnt/c/Program Files (x86)/ConfigMgr 2012 Toolkit R2/ClientTools:/mnt/c/Program Files (x86)/Webex/Webex/Applications:/mnt/c/Program Files (x86)/Infocert/DiKe 6/RAO:/mnt/c/Program Files/PuTTY:/mnt/c/Program Files/nodejs:/mnt/c/Users/msinico00/AppData/Local/Microsoft/WindowsApps:/mnt/c/Users/msinico00/AppData/Local/atom/bin:/mnt/c/Users/msinico00/AppData/Local/Programs/Git/cmd:/mnt/c/Users/msinico00/AppData/Roaming/npm:/snap/bin:/home/msinico00/Android/Sdk/emulator:/home/msinico00/Android/Sdk/tools:/home/msinico00/Android/Sdk/tools/bin:/home/msinico00/Android/Sdk/platform-tools

Yarn version: 
  1.15.2

Node version: 
  10.15.3

Platform: 
  linux x64

Trace: 
  Error: EACCES: permission denied, unlink '/mnt/c/dev/ssi-poc/jobapplication/node_modules/core-js/build/index.js'

npm manifest: 
  {
    "name": "polimi",
    "version": "1.0.0",
    "description": "",
    "main": "server.js",
    "dependencies": {
      "body-parser": "^1.18.3",
      "ejs": "^2.6.1",
      "express": "^4.16.4",
      "ngrok": "^3.1.1",
      "open": "^6.1.0",
      "socket.io": "^2.2.0",
      "uport-credentials": "^1.1.4",
      "uport-transports": "^0.2.4"
    },
    "devDependencies": {
      "babel-preset-env": "^1.7.0",
      "babel-register": "^6.26.0"
    },
    "scripts": {
      "test": "echo \"Error: no test specified\" && exit 1",
      "start": "node server.js"
    },
    "author": "",
    "license": "ISC"
  }

yarn manifest: 
  No manifest

Lockfile: 
  No lockfile
